<?xml version="1.0" encoding="utf-8"?><testsuites name="pytest tests"><testsuite name="pytest" errors="0" failures="0" skipped="0" tests="12" time="3.030" timestamp="2026-05-05T17:23:46.333507+00:00" hostname="agent-env-a236fb6e-4c30-43ff-a5e2-59430fa4f995"><testcase classname="backend.tests.backend_test.TestProductsPublic" name="test_list_products_seeded" time="0.160" /><testcase classname="backend.tests.backend_test.TestProductsPublic" name="test_filter_by_bread" time="0.072" /><testcase classname="backend.tests.backend_test.TestProductsPublic" name="test_get_product_by_id" time="0.146" /><testcase classname="backend.tests.backend_test.TestProductsPublic" name="test_get_product_404" time="0.071" /><testcase classname="backend.tests.backend_test.TestAuth" name="test_login_wrong_password" time="0.305" /><testcase classname="backend.tests.backend_test.TestAuth" name="test_login_sets_cookie" time="0.368" /><testcase classname="backend.tests.backend_test.TestAuth" name="test_me_with_bearer" time="0.373" /><testcase classname="backend.tests.backend_test.TestAuth" name="test_me_without_auth" time="0.114" /><testcase classname="backend.tests.backend_test.TestProductsAdmin" name="test_create_without_auth" time="0.120" /><testcase classname="backend.tests.backend_test.TestProductsAdmin" name="test_create_update_delete" time="0.454" /><testcase classname="backend.tests.backend_test.TestOrders" name="test_create_order_no_auth_and_admin_list" time="0.669" /><testcase classname="backend.tests.backend_test.TestOrders" name="test_create_order_empty_items" time="0.112" /></testsuite></testsuites>