<?xml version="1.0" encoding="utf-8"?><testsuites name="pytest tests"><testsuite name="pytest" errors="0" failures="0" skipped="0" tests="12" time="3.501" timestamp="2026-05-05T17:15:09.639336+00:00" hostname="agent-env-a236fb6e-4c30-43ff-a5e2-59430fa4f995"><testcase classname="backend.tests.backend_test.TestProductsPublic" name="test_list_products_seeded" time="0.371" /><testcase classname="backend.tests.backend_test.TestProductsPublic" name="test_filter_by_bread" time="0.079" /><testcase classname="backend.tests.backend_test.TestProductsPublic" name="test_get_product_by_id" time="0.152" /><testcase classname="backend.tests.backend_test.TestProductsPublic" name="test_get_product_404" time="0.073" /><testcase classname="backend.tests.backend_test.TestAuth" name="test_login_wrong_password" time="0.300" /><testcase classname="backend.tests.backend_test.TestAuth" name="test_login_sets_cookie" time="0.390" /><testcase classname="backend.tests.backend_test.TestAuth" name="test_me_with_bearer" time="0.375" /><testcase classname="backend.tests.backend_test.TestAuth" name="test_me_without_auth" time="0.201" /><testcase classname="backend.tests.backend_test.TestProductsAdmin" name="test_create_without_auth" time="0.156" /><testcase classname="backend.tests.backend_test.TestProductsAdmin" name="test_create_update_delete" time="0.452" /><testcase classname="backend.tests.backend_test.TestOrders" name="test_create_order_no_auth_and_admin_list" time="0.553" /><testcase classname="backend.tests.backend_test.TestOrders" name="test_create_order_empty_items" time="0.191" /></testsuite></testsuites>